
CREATE TABLE public.journalNew (
    key serial primary key,
    datum character varying(10) NOT NULL,
    erfolg character varying(100) NOT NULL,
    sport character varying(80) NOT NULL,
    buch character varying(50) NOT NULL,
    erkenntnis character varying(50) NOT NULL
);



python3 journal_eingabe_neu.py 28.12.2022 'einkaufen, Roseline Sex' ''  '' ''
python3 journal_eingabe_neu.py 29.12.2022 'Python und Postgres' ''  '' ''
python3 journal_eingabe_neu.py 30.12.2022 'Python und Postgres,Visual Studio Code in Git' ''  '' ''
python3 journal_eingabe_neu.py 31.12.2022 'Python und Postgres,Visual Studio Code in Git' ''  '' ''
python3 journal_eingabe_neu.py 01.01.2023 'Köln Erding gefahren, Roseline Sex im WoZi' ''  '' ''
python3 journal_eingabe_neu.py 02.01.2023 'Python, Postgres, Visual Studio Code auf MacBook, Forstner Essen Wartenberg' 'Stütz,Katzenbuckel,seitliche Übungen,situps'  '' ''
python3 journal_eingabe_neu.py 03.01.2023 'Python, VSCode auf Macbook Air' ''  '' ''
python3 journal_eingabe_neu.py 04.01.2023 'Termin Standesamt Erding' ''  '' ''
python3 journal_eingabe_neu.py 05.01.2023 'Python csv file lesen und DB schreiben, Parallels installiert auf Mac mit Windows' ''  '' ''
python3 journal_eingabe_neu.py 06.01.2023 'MacBook Parallels Windows Control-M installieren' ''  '' ''
python3 journal_eingabe_neu.py 07.01.2023 'Kawasaki Interessent da, Mac/Win VCStudio mit Git, Elena telefoniert, Mühldorf Kaffee, Film TopGun' ''  '' ''
python3 journal_eingabe_neu.py 08.01.2023 'MacBook und Dell VirtualBox mit Linux Mint, Kawasaki verkauft, Forstners essen' ''  '' ''
python3 journal_eingabe_neu.py 08.01.2023 'Versuche Control-M auf Dell/Mint zu installieren, V-Box Ubuntu' ''  '' ''
python3 journal_eingabe_neu.py 09.01.2023 'Versuch Control-M auf DELL/Mint zu installieren, Elena Hausbesuch, Ubuntu installiert' 'Stütz, Katzenbuckel,seitliche Übungen, situps'  '' ''
python3 journal_eingabe_neu.py 10.01.2023 'Linux Mint, Roseline Sex' ''  '' ''
python3 journal_eingabe_neu.py 11.01.2023 'Had-Eck Dyno gebracht' ''  '' ''
python3 journal_eingabe_neu.py 12.01.2023 '' 'Stütz, Katzenbuckel, seitliche Übungen, situps'  '' ''
python3 journal_eingabe_neu.py 13.01.2023 'Burger King Dorfen' ''  '' ''
python3 journal_eingabe_neu.py 14.01.2023 'Roselione Sex, Freising gefahren' ''  '' ''
python3 journal_eingabe_neu.py 15.01.2023 '' 'Stütz, Katzenbuckel, seitliche Übungen, situps' '' ''
python3 journal_eingabe_neu.py 16.01.2023 '' '' '' ''		
python3 journal_eingabe_neu.py 17.01.2023 'Kawasaki abmelden' ''  '' ''	
python3 journal_eingabe_neu.py 18.01.2023 'Python Buch' ''  '' ''
python3 journal_eingabe_neu.py 19.01.2023 'Roseline Sex' 'Stütz, Katzenbuckel, seitliche Übungen, situps' '' ''	
python3 journal_eingabe_neu.py 20.01.2023 'Python Übungen'  '' '' ''	
python3 journal_eingabe_neu.py 21.01.2023 'Roseline Sex' 'Stütz, Katzenbuckel, seitliche Übungen, situps'	 '' ''
python3 journal_eingabe_neu.py 22.01.2023 'Kawasaki verkauft und abgeholt, Forstner essen in Taufkirchen'  '' '' ''		
python3 journal_eingabe_neu.py 23.01.2023 '' 'Stütz, Katzenbuckel, seitliche Übungen, situps' '' ''	
python3 journal_eingabe_neu.py 24.01.2023 'PyCharm installation' ''	 '' ''	
python3 journal_eingabe_neu.py 25.01.2023 'MFT und SAP migration' 'Stütz, Katzenbuckel, seitliche Übungen, situps, Kettlebell start'  '' ''	
python3 journal_eingabe_neu.py 26.01.2023 'MFT und SAP migration' 'Kettlebell Minimal Übungen'	 '' ''
python3 journal_eingabe_neu.py 27.01.2023 'MFT und SAP migration, LibreOffice Dell installieren' '' '' ''
python3 journal_eingabe_neu.py 28.01.2023 'Roseline Sex, LibreOffice auf Macbook installiert, WS gefahren, keine Pfeife geraucht' 'Stütz, Katzenbuckel, seitliche Übungen, Kettlebell Video alle 3mal'	 '' ''
python3 journal_eingabe_neu.py 29.01.2023  'Keine Pfeife geraucht' 'Kettlebell Übungen'  '' ''
python3 journal_eingabe_neu.py 30.01.2023  'SAP Migration, keine Pfeife geraucht' '' '' ''
python3 journal_eingabe_neu.py 31.01.2023  'SAP und MFT migration, Steuerrückzahlung 2021, Keine Pfeife geraucht, Zigarillo gepafft' 'Kettlebell Übungen' '' ''
python3 journal_eingabe_neu.py 01.02.2023 'MFT,SAP migration, Dietrich Control-M Schulung, TS Angie Deluxen' '' 'TS war verschwendetes Geld, bekommt keinen hoch und die Bilder sind total veraltet'	
python3 journal_eingabe_neu.py 02.02.2023 'MFT,SAP migration, Dörr Untersuchungsergebnis, Hannover-Erding fahren' '' '' ''
python3 journal_eingabe_neu.py 03.02.2023 'MFT, SAP migration, Dietrich Control-M Schulung' '' '' ''
python3 journal_eingabe_neu.py 04.02.2023 'Roseline Sex, Waldkraiburg C&A, Mühldorf' 'Stütz, Kettlebell' '' ''

python3 journal_eingabe_neu.py '04.02.2023' 'Roseline Sex, Waldkraiburg C&A, Mühldorf, Lethal Weapon 1' 'Stütz, Kettlebell' '' ''
python3 journal_eingabe_neu.py '05.02.2023' 'Lethal Weapon 2' '' '' '' 
python3 journal_eingabe_neu.py '06.02.2023' 'MFT, SAP migration, Dietrich Control-M Schulung,Lethal Weapon 3' 'Stütz, seitliche ÜbungenKettlebell' '' '' 
python3 journal_eingabe_neu.py '07.02.2023' 'MFT, SAP migration ,Lethal Weapon 4' '' '' ''
python3 journal_eingabe_neu.py '08.02.2023' 'MFT, SAP migration, KFC Parsdorf' '' '' ''
python3 journal_eingabe_neu.py '09.02.2023' 'MFT, SAP migration' 'Stütz, Katzenbuckel, seitliche Übungen, Kettlebell' '' '' 
python3 journal_eingabe_neu.py '10.02.2023' 'MFT, SAP migration, Ulli mail als Sandra wg 3er' '' '' ''
python3 journal_eingabe_neu.py '11.02.2023' 'Roseline Sex, München fahren' '' '' ''
python3 journal_eingabe_neu.py '12.02.2023' 'Erkältung' '' '' '' 
python3 journal_eingabe_neu.py '13.02.2023' 'Standesamt 150,00 Euro , MFT, SAP migration' '' '' ''
python3 journal_eingabe_neu.py '14.02.2023' 'MFT, SAP Migration, ED - AB - Gambach fahren' '' '' ''
python3 journal_eingabe_neu.py '15.02.2023' 'Control-M Tag in FFM, FFM-AB-ED fahren' '' '' ''
python3 journal_eingabe_neu.py '16.02.2023' 'MFT, SAP Migration, Sichtschutz Balkon entfernt' '' '' ''
python3 journal_eingabe_neu.py '17.02.2023' 'Roseline sex, MFT, SAP Migration' '' '' ''
python3 journal_eingabe_neu.py '18.02.2023' 'Ebersberg Kaffee, Chiemsee : Kettlebell' '' ''
python3 journal_eingabe_neu.py '19.02.2023' '' 'Kettlebell' '' '' 
python3 journal_eingabe_neu.py '20.02.2023' 'MFT, SAP Migration' '' '' ''


28.12.2022 : einkaufen, Roseline Sex :  :  : 
29.12.2022 : Python und Postgres :  :  : 
30.12.2022 : Python und Postgres,Visual Studio Code in Git :  :  : 
31.12.2022 : Python und Postgres,Visual Studio Code in Git :  :  : 
01.01.2023 : Köln Erding gefahren, Roseline Sex im WoZi :  :  : 
02.01.2023 : Python, Postgres, Visual Studio Code auf MacBook, Forstner Essen Wartenberg : Stütz,Katzenbuckel,seitliche Übungen,situps :  : 
03.01.2023 : Python, VSCode auf Macbook Air :  :  : 
04.01.2023 : Termin Standesamt Erding :  :  : 
05.01.2023 : Python csv file lesen und DB schreiben, Parallels installiert auf Mac mit Windows :  :  : 
06.01.2023 : MacBook Parallels Windows Control-M installieren :  :  : 
07.01.2023 : Kawasaki Interessent da, Mac/Win VCStudio mit Git, Elena telefoniert, Mühldorf Kaffee, Film TopGun :  :  : 
08.01.2023 : MacBook und Dell VirtualBox mit Linux Mint, Kawasaki verkauft, Forstners essen :  :  : 
08.01.2023 : Versuche Control-M auf Dell/Mint zu installieren, V-Box Ubuntu :  :  : 
09.01.2023 : Versuch Control-M auf DELL/Mint zu installieren, Elena Hausbesuch, Ubuntu installiert : Stütz, Katzenbuckel,seitliche Übungen, situps :  : 
10.01.2023 : Linux Mint, Roseline Sex :  :  : 
11.01.2023 : Had-Eck Dyno gebracht :  :  : 
12.01.2023 :  : Stütz, Katzenbuckel, seitliche Übungen, situps :  : 
13.01.2023 : Burger King Dorfen :  :  : 
43.01.2023 : Roselione Sex, Freising gefahren :  :  : 
15.01.2023 :  : Stütz, Katzenbuckel, seitliche Übungen, situps :  : 
17.02.2023 : Kawasaki abmelden :  :  : 
18.01.2023 : Python Buch :  :  : 
19.01.2023 : Roseline Sex : Stütz, Katzenbuckel, seitliche Übungen, situps :  : 
20.01.2023 : Python Übungen :  :  : 
21.01.2023 : Roseline Sex : Stütz, Katzenbuckel, seitliche Übungen, situps :  : 
22.01.2023 : Kawasaki verkauft und abgeholt, Forstner essen in Taufkirchen :  :  : 
23.01.2023 :  : Stütz, Katzenbuckel, seitliche Übungen, situps :  : 
24.01.2023 : PyCharm installation :  :  : 
25.01.2023 : MFT und SAP migration : Stütz, Katzenbuckel, seitliche Übungen, situps, Kettlebell start :  : 
26.01.2023 : MFT und SAP migration : Kettlebell Minimal Übungen :  : 
27.01.2023 : MFT und SAP migration, LibreOffice Dell installieren :  :  : 
28.01.2023 : Roseline Sex, LibreOffice auf Macbook installiert, WS gefahren, keine Pfeife geraucht : Stütz, Katzenbuckel, seitliche Übungen, Kettlebell Video alle 3mal :  : 
29.01.2023 : Keine Pfeife geraucht : Kettlebell Übungen :  : 
30.01.2023 : SAP Migration, keine Pfeife geraucht :  :  : 
31.01.2023 : SAP und MFT migration, Steuerrückzahlung 2021, Keine Pfeife geraucht, Zigarillo gepafft : Kettlebell Übungen :  : 
01.02.2023 : SMT,SAP migration,Dietrich CCTLM Schulung,TS Angie Deluxen :   :  : Geld nicht wert,nicht hart,Bilder total veraltet
02.02.2023 : MFT,SAP migration, Dörr Untersuchungsergebnis, Hannover-Erding fahren :   :  : 
03.02.2023 : MFT, SAP migration, Dietrich Control-M Schulung :   :  : 
04.02.2023 : Roseline Sex, Waldkraiburg C&A, Mühldorf, Lethal Weapon 1 : Stütz, Kettlebell :  : 
05.02.2023 : Lethal Weapon 2 :  :  : 
06.02.2023 : MFT, SAP migration, Dietrich Control-M Schulung,Lethal Weapon 3 : Stütz, seitliche ÜbungenKettlebell :  : 
07.02.2023 : MFT, SAP migration ,Lethal Weapon 4 :  :  : 
08.02.2023 : MFT, SAP migration, KFC Parsdorf :  :  : 
09.02.2023 : MFT, SAP migration : Stütz, Katzenbuckel, seitliche Übungen, Kettlebell :  : 
10.02.2023 : MFT, SAP migration,Ulli mail als Sandra wg 3er
11.02.2023 : Roseline Sex, München fahren :  :  : 
12.02.2023 : Erkältung :  :  : 
13.02.2023 : Standesamt 150,00 Euro , MFT, SAP migration :  :  : 
14.02.2023 : MFT, SAP Migration, ED - AB - Gambach fahren :  :  : 
15.02.2023 : Control-M Tag in FFM, FFM-AB-ED fahren :  :  : 
16.02.2023 : MFT, SAP Migration, Sichtschutz Balkon entfernt :  :  : 
17.02.2023 : Roseline sex, MFT, SAP Migration :  :  : 
18.02.2023 : Ebersberg Kaffee, Chiemsee : Kettlebell :  : 
19.02.2023 Kettlebell
20.02.2023 MFT, SAP Migration
21.02.2023 MFT, SAP Migration




